<?xml version="1.0" encoding="utf-8"?><testsuites name="pytest tests"><testsuite name="pytest" errors="0" failures="0" skipped="0" tests="11" time="1.700" timestamp="2026-05-30T19:40:29.120928+00:00" hostname="agent-env-9c2cbe62-558c-4dde-8ba6-7582846ef81b"><testcase classname="backend.tests.backend_test.TestHealth" name="test_health_200" time="0.279" /><testcase classname="backend.tests.backend_test.TestHealth" name="test_api_root" time="0.047" /><testcase classname="backend.tests.backend_test.TestHealth" name="test_bare_root" time="0.051" /><testcase classname="backend.tests.backend_test.TestContact" name="test_post_contact_success" time="0.055" /><testcase classname="backend.tests.backend_test.TestContact" name="test_post_contact_invalid_email" time="0.054" /><testcase classname="backend.tests.backend_test.TestContact" name="test_post_contact_empty_name" time="0.049" /><testcase classname="backend.tests.backend_test.TestContact" name="test_post_contact_empty_message" time="0.059" /><testcase classname="backend.tests.backend_test.TestContact" name="test_post_contact_no_subject_ok" time="0.047" /><testcase classname="backend.tests.backend_test.TestContact" name="test_get_contact_returns_recent" time="0.573" /><testcase classname="backend.tests.backend_test.TestContact" name="test_get_contact_limit_param" time="0.053" /><testcase classname="backend.tests.backend_test.TestStatusLegacy" name="test_post_and_get_status" time="0.143" /></testsuite></testsuites>